build/app/intermediates/manifest_merge_blame_file/debug/manifest-merger-blame-debug-report.txt
1<?xml version="1.0" encoding="utf-8"?>
2<manifest xmlns:android="http://schemas.android.com/apk/res/android"
3    package="com.psut.shager"
4    android:versionCode="1"
5    android:versionName="1.0.0" >
6
7    <uses-sdk
8        android:minSdkVersion="19"
9        android:targetSdkVersion="31" />
10    <!--
11         Flutter needs it to communicate with the running application
12         to allow setting breakpoints, to provide hot reload, etc.
13    -->
14    <uses-permission android:name="android.permission.INTERNET" />
14-->src\debug\AndroidManifest.xml:6:5-66
14-->src\debug\AndroidManifest.xml:6:22-64
15    <uses-permission android:name="android.permission.READ_EXTERNAL_STORAGE" />
15-->[:file_picker] AndroidManifest.xml:7:5-80
15-->[:file_picker] AndroidManifest.xml:7:22-77
16
17    <queries>
17-->[:file_picker] AndroidManifest.xml:9:5-15:15
18        <intent>
18-->[:file_picker] AndroidManifest.xml:10:9-14:18
19            <action android:name="android.intent.action.GET_CONTENT" />
19-->[:file_picker] AndroidManifest.xml:11:13-72
19-->[:file_picker] AndroidManifest.xml:11:21-69
20
21            <data android:mimeType="*/*" />
21-->[:file_picker] AndroidManifest.xml:13:13-44
21-->[:file_picker] AndroidManifest.xml:13:19-41
22        </intent>
23        <intent>
23-->[:flutter_downloader] AndroidManifest.xml:9:9-11:18
24            <action android:name="android.intent.action.VIEW" />
24-->[:flutter_downloader] AndroidManifest.xml:10:13-65
24-->[:flutter_downloader] AndroidManifest.xml:10:21-62
25        </intent>
26    </queries>
27
28    <uses-permission android:name="android.permission.ACCESS_NETWORK_STATE" />
28-->[com.google.firebase:firebase-auth:21.0.8] AndroidManifest.xml:24:5-79
28-->[com.google.firebase:firebase-auth:21.0.8] AndroidManifest.xml:24:22-76
29    <uses-permission android:name="android.permission.WAKE_LOCK" />
29-->[com.google.android.gms:play-services-measurement-api:21.1.1] AndroidManifest.xml:24:5-68
29-->[com.google.android.gms:play-services-measurement-api:21.1.1] AndroidManifest.xml:24:22-65
30    <uses-permission android:name="com.google.android.gms.permission.AD_ID" />
30-->[com.google.android.gms:play-services-measurement-api:21.1.1] AndroidManifest.xml:25:5-79
30-->[com.google.android.gms:play-services-measurement-api:21.1.1] AndroidManifest.xml:25:22-76
31    <uses-permission android:name="com.google.android.finsky.permission.BIND_GET_INSTALL_REFERRER_SERVICE" />
31-->[com.google.android.gms:play-services-measurement:21.1.1] AndroidManifest.xml:26:5-110
31-->[com.google.android.gms:play-services-measurement:21.1.1] AndroidManifest.xml:26:22-107
32    <uses-permission android:name="android.permission.RECEIVE_BOOT_COMPLETED" />
32-->[androidx.work:work-runtime:2.7.1] AndroidManifest.xml:27:5-81
32-->[androidx.work:work-runtime:2.7.1] AndroidManifest.xml:27:22-78
33    <uses-permission android:name="android.permission.FOREGROUND_SERVICE" />
33-->[androidx.work:work-runtime:2.7.1] AndroidManifest.xml:28:5-77
33-->[androidx.work:work-runtime:2.7.1] AndroidManifest.xml:28:22-74
34
35    <application
36        android:name="io.flutter.app.FlutterMultiDexApplication"
37        android:appComponentFactory="androidx.core.app.CoreComponentFactory"
37-->[androidx.core:core:1.8.0] AndroidManifest.xml:24:18-86
38        android:debuggable="true"
39        android:icon="@mipmap/ic_launcher"
40        android:label="shagher" >
41        <activity
42            android:name="com.psut.shager.MainActivity"
43            android:configChanges="orientation|keyboardHidden|keyboard|screenSize|smallestScreenSize|locale|layoutDirection|fontScale|screenLayout|density|uiMode"
44            android:exported="true"
45            android:hardwareAccelerated="true"
46            android:launchMode="singleTop"
47            android:theme="@style/LaunchTheme"
48            android:windowSoftInputMode="adjustResize" >
49
50            <!--
51                 Specifies an Android theme to apply to this Activity as soon as
52                 the Android process has started. This theme is visible to the user
53                 while the Flutter UI initializes. After that, this theme continues
54                 to determine the Window background behind the Flutter UI.
55            -->
56            <meta-data
57                android:name="io.flutter.embedding.android.NormalTheme"
58                android:resource="@style/NormalTheme" />
59
60            <intent-filter>
61                <action android:name="android.intent.action.MAIN" />
62
63                <category android:name="android.intent.category.LAUNCHER" />
64            </intent-filter>
65        </activity>
66        <!--
67             Don't delete the meta-data below.
68             This is used by the Flutter tool to generate GeneratedPluginRegistrant.java
69        -->
70        <meta-data
71            android:name="flutterEmbedding"
72            android:value="2" />
73
74        <service
74-->[:cloud_firestore] AndroidManifest.xml:8:9-12:19
75            android:name="com.google.firebase.components.ComponentDiscoveryService"
75-->[:cloud_firestore] AndroidManifest.xml:8:18-89
76            android:directBootAware="true"
76-->[com.google.firebase:firebase-common:20.1.2] AndroidManifest.xml:35:13-43
77            android:exported="false" >
77-->[com.google.firebase:firebase-auth:21.0.8] AndroidManifest.xml:66:13-37
78            <meta-data
78-->[:cloud_firestore] AndroidManifest.xml:9:13-11:85
79                android:name="com.google.firebase.components:io.flutter.plugins.firebase.firestore.FlutterFirebaseFirestoreRegistrar"
79-->[:cloud_firestore] AndroidManifest.xml:10:17-134
80                android:value="com.google.firebase.components.ComponentRegistrar" />
80-->[:cloud_firestore] AndroidManifest.xml:11:17-82
81            <meta-data
81-->[:firebase_auth] AndroidManifest.xml:9:13-11:85
82                android:name="com.google.firebase.components:io.flutter.plugins.firebase.auth.FlutterFirebaseAuthRegistrar"
82-->[:firebase_auth] AndroidManifest.xml:10:17-124
83                android:value="com.google.firebase.components.ComponentRegistrar" />
83-->[:firebase_auth] AndroidManifest.xml:11:17-82
84            <meta-data
84-->[:firebase_storage] AndroidManifest.xml:9:13-11:85
85                android:name="com.google.firebase.components:io.flutter.plugins.firebase.storage.FlutterFirebaseAppRegistrar"
85-->[:firebase_storage] AndroidManifest.xml:10:17-126
86                android:value="com.google.firebase.components.ComponentRegistrar" />
86-->[:firebase_storage] AndroidManifest.xml:11:17-82
87            <meta-data
87-->[:firebase_core] AndroidManifest.xml:9:13-11:85
88                android:name="com.google.firebase.components:io.flutter.plugins.firebase.core.FlutterFirebaseCoreRegistrar"
88-->[:firebase_core] AndroidManifest.xml:10:17-124
89                android:value="com.google.firebase.components.ComponentRegistrar" />
89-->[:firebase_core] AndroidManifest.xml:11:17-82
90            <meta-data
90-->[com.google.firebase:firebase-auth:21.0.8] AndroidManifest.xml:67:13-69:85
91                android:name="com.google.firebase.components:com.google.firebase.auth.FirebaseAuthRegistrar"
91-->[com.google.firebase:firebase-auth:21.0.8] AndroidManifest.xml:68:17-109
92                android:value="com.google.firebase.components.ComponentRegistrar" />
92-->[com.google.firebase:firebase-auth:21.0.8] AndroidManifest.xml:69:17-82
93            <meta-data
93-->[com.google.firebase:firebase-firestore:24.3.1] AndroidManifest.xml:20:13-22:85
94                android:name="com.google.firebase.components:com.google.firebase.firestore.FirestoreRegistrar"
94-->[com.google.firebase:firebase-firestore:24.3.1] AndroidManifest.xml:21:17-111
95                android:value="com.google.firebase.components.ComponentRegistrar" />
95-->[com.google.firebase:firebase-firestore:24.3.1] AndroidManifest.xml:22:17-82
96            <meta-data
96-->[com.google.firebase:firebase-storage:20.0.2] AndroidManifest.xml:33:13-35:85
97                android:name="com.google.firebase.components:com.google.firebase.storage.StorageRegistrar"
97-->[com.google.firebase:firebase-storage:20.0.2] AndroidManifest.xml:34:17-107
98                android:value="com.google.firebase.components.ComponentRegistrar" />
98-->[com.google.firebase:firebase-storage:20.0.2] AndroidManifest.xml:35:17-82
99            <meta-data
99-->[com.google.android.gms:play-services-measurement-api:21.1.1] AndroidManifest.xml:31:13-33:85
100                android:name="com.google.firebase.components:com.google.firebase.analytics.connector.internal.AnalyticsConnectorRegistrar"
100-->[com.google.android.gms:play-services-measurement-api:21.1.1] AndroidManifest.xml:32:17-139
101                android:value="com.google.firebase.components.ComponentRegistrar" />
101-->[com.google.android.gms:play-services-measurement-api:21.1.1] AndroidManifest.xml:33:17-82
102            <meta-data
102-->[com.google.firebase:firebase-installations:17.0.3] AndroidManifest.xml:18:13-20:85
103                android:name="com.google.firebase.components:com.google.firebase.installations.FirebaseInstallationsRegistrar"
103-->[com.google.firebase:firebase-installations:17.0.3] AndroidManifest.xml:19:17-127
104                android:value="com.google.firebase.components.ComponentRegistrar" />
104-->[com.google.firebase:firebase-installations:17.0.3] AndroidManifest.xml:20:17-82
105        </service>
106
107        <provider
107-->[:image_picker_android] AndroidManifest.xml:8:9-16:20
108            android:name="io.flutter.plugins.imagepicker.ImagePickerFileProvider"
108-->[:image_picker_android] AndroidManifest.xml:9:13-82
109            android:authorities="com.psut.shager.flutter.image_provider"
109-->[:image_picker_android] AndroidManifest.xml:10:13-74
110            android:exported="false"
110-->[:image_picker_android] AndroidManifest.xml:11:13-37
111            android:grantUriPermissions="true" >
111-->[:image_picker_android] AndroidManifest.xml:12:13-47
112            <meta-data
112-->[:image_picker_android] AndroidManifest.xml:13:13-15:75
113                android:name="android.support.FILE_PROVIDER_PATHS"
113-->[:image_picker_android] AndroidManifest.xml:14:17-67
114                android:resource="@xml/flutter_image_picker_file_paths" />
114-->[:image_picker_android] AndroidManifest.xml:15:17-72
115        </provider>
116
117        <uses-library
117-->[androidx.window:window:1.0.0-beta04] AndroidManifest.xml:25:9-27:40
118            android:name="androidx.window.extensions"
118-->[androidx.window:window:1.0.0-beta04] AndroidManifest.xml:26:13-54
119            android:required="false" />
119-->[androidx.window:window:1.0.0-beta04] AndroidManifest.xml:27:13-37
120        <uses-library
120-->[androidx.window:window:1.0.0-beta04] AndroidManifest.xml:28:9-30:40
121            android:name="androidx.window.sidecar"
121-->[androidx.window:window:1.0.0-beta04] AndroidManifest.xml:29:13-51
122            android:required="false" />
122-->[androidx.window:window:1.0.0-beta04] AndroidManifest.xml:30:13-37
123
124        <activity
124-->[com.google.firebase:firebase-auth:21.0.8] AndroidManifest.xml:27:9-44:20
125            android:name="com.google.firebase.auth.internal.GenericIdpActivity"
125-->[com.google.firebase:firebase-auth:21.0.8] AndroidManifest.xml:28:13-80
126            android:excludeFromRecents="true"
126-->[com.google.firebase:firebase-auth:21.0.8] AndroidManifest.xml:29:13-46
127            android:exported="true"
127-->[com.google.firebase:firebase-auth:21.0.8] AndroidManifest.xml:30:13-36
128            android:launchMode="singleTask"
128-->[com.google.firebase:firebase-auth:21.0.8] AndroidManifest.xml:31:13-44
129            android:theme="@android:style/Theme.Translucent.NoTitleBar" >
129-->[com.google.firebase:firebase-auth:21.0.8] AndroidManifest.xml:32:13-72
130            <intent-filter>
130-->[com.google.firebase:firebase-auth:21.0.8] AndroidManifest.xml:33:13-43:29
131                <action android:name="android.intent.action.VIEW" />
131-->[:flutter_downloader] AndroidManifest.xml:10:13-65
131-->[:flutter_downloader] AndroidManifest.xml:10:21-62
132
133                <category android:name="android.intent.category.DEFAULT" />
133-->[com.google.firebase:firebase-auth:21.0.8] AndroidManifest.xml:36:17-76
133-->[com.google.firebase:firebase-auth:21.0.8] AndroidManifest.xml:36:27-73
134                <category android:name="android.intent.category.BROWSABLE" />
134-->[com.google.firebase:firebase-auth:21.0.8] AndroidManifest.xml:37:17-78
134-->[com.google.firebase:firebase-auth:21.0.8] AndroidManifest.xml:37:27-75
135
136                <data
136-->[:file_picker] AndroidManifest.xml:13:13-44
137                    android:host="firebase.auth"
138                    android:path="/"
139                    android:scheme="genericidp" />
140            </intent-filter>
141        </activity>
142        <activity
142-->[com.google.firebase:firebase-auth:21.0.8] AndroidManifest.xml:45:9-62:20
143            android:name="com.google.firebase.auth.internal.RecaptchaActivity"
143-->[com.google.firebase:firebase-auth:21.0.8] AndroidManifest.xml:46:13-79
144            android:excludeFromRecents="true"
144-->[com.google.firebase:firebase-auth:21.0.8] AndroidManifest.xml:47:13-46
145            android:exported="true"
145-->[com.google.firebase:firebase-auth:21.0.8] AndroidManifest.xml:48:13-36
146            android:launchMode="singleTask"
146-->[com.google.firebase:firebase-auth:21.0.8] AndroidManifest.xml:49:13-44
147            android:theme="@android:style/Theme.Translucent.NoTitleBar" >
147-->[com.google.firebase:firebase-auth:21.0.8] AndroidManifest.xml:50:13-72
148            <intent-filter>
148-->[com.google.firebase:firebase-auth:21.0.8] AndroidManifest.xml:51:13-61:29
149                <action android:name="android.intent.action.VIEW" />
149-->[:flutter_downloader] AndroidManifest.xml:10:13-65
149-->[:flutter_downloader] AndroidManifest.xml:10:21-62
150
151                <category android:name="android.intent.category.DEFAULT" />
151-->[com.google.firebase:firebase-auth:21.0.8] AndroidManifest.xml:36:17-76
151-->[com.google.firebase:firebase-auth:21.0.8] AndroidManifest.xml:36:27-73
152                <category android:name="android.intent.category.BROWSABLE" />
152-->[com.google.firebase:firebase-auth:21.0.8] AndroidManifest.xml:37:17-78
152-->[com.google.firebase:firebase-auth:21.0.8] AndroidManifest.xml:37:27-75
153
154                <data
154-->[:file_picker] AndroidManifest.xml:13:13-44
155                    android:host="firebase.auth"
156                    android:path="/"
157                    android:scheme="recaptcha" />
158            </intent-filter>
159        </activity>
160
161        <provider
161-->[com.google.firebase:firebase-common:20.1.2] AndroidManifest.xml:26:9-31:39
162            android:name="com.google.firebase.provider.FirebaseInitProvider"
162-->[com.google.firebase:firebase-common:20.1.2] AndroidManifest.xml:27:13-77
163            android:authorities="com.psut.shager.firebaseinitprovider"
163-->[com.google.firebase:firebase-common:20.1.2] AndroidManifest.xml:28:13-72
164            android:directBootAware="true"
164-->[com.google.firebase:firebase-common:20.1.2] AndroidManifest.xml:29:13-43
165            android:exported="false"
165-->[com.google.firebase:firebase-common:20.1.2] AndroidManifest.xml:30:13-37
166            android:initOrder="100" />
166-->[com.google.firebase:firebase-common:20.1.2] AndroidManifest.xml:31:13-36
167
168        <receiver
168-->[com.google.android.gms:play-services-measurement:21.1.1] AndroidManifest.xml:29:9-33:20
169            android:name="com.google.android.gms.measurement.AppMeasurementReceiver"
169-->[com.google.android.gms:play-services-measurement:21.1.1] AndroidManifest.xml:30:13-85
170            android:enabled="true"
170-->[com.google.android.gms:play-services-measurement:21.1.1] AndroidManifest.xml:31:13-35
171            android:exported="false" >
171-->[com.google.android.gms:play-services-measurement:21.1.1] AndroidManifest.xml:32:13-37
172        </receiver>
173
174        <service
174-->[com.google.android.gms:play-services-measurement:21.1.1] AndroidManifest.xml:35:9-38:40
175            android:name="com.google.android.gms.measurement.AppMeasurementService"
175-->[com.google.android.gms:play-services-measurement:21.1.1] AndroidManifest.xml:36:13-84
176            android:enabled="true"
176-->[com.google.android.gms:play-services-measurement:21.1.1] AndroidManifest.xml:37:13-35
177            android:exported="false" />
177-->[com.google.android.gms:play-services-measurement:21.1.1] AndroidManifest.xml:38:13-37
178        <service
178-->[com.google.android.gms:play-services-measurement:21.1.1] AndroidManifest.xml:39:9-43:72
179            android:name="com.google.android.gms.measurement.AppMeasurementJobService"
179-->[com.google.android.gms:play-services-measurement:21.1.1] AndroidManifest.xml:40:13-87
180            android:enabled="true"
180-->[com.google.android.gms:play-services-measurement:21.1.1] AndroidManifest.xml:41:13-35
181            android:exported="false"
181-->[com.google.android.gms:play-services-measurement:21.1.1] AndroidManifest.xml:42:13-37
182            android:permission="android.permission.BIND_JOB_SERVICE" />
182-->[com.google.android.gms:play-services-measurement:21.1.1] AndroidManifest.xml:43:13-69
183
184        <activity
184-->[com.google.android.gms:play-services-base:18.0.1] AndroidManifest.xml:20:9-22:45
185            android:name="com.google.android.gms.common.api.GoogleApiActivity"
185-->[com.google.android.gms:play-services-base:18.0.1] AndroidManifest.xml:20:19-85
186            android:exported="false"
186-->[com.google.android.gms:play-services-base:18.0.1] AndroidManifest.xml:22:19-43
187            android:theme="@android:style/Theme.Translucent.NoTitleBar" />
187-->[com.google.android.gms:play-services-base:18.0.1] AndroidManifest.xml:21:19-78
188
189        <meta-data
189-->[com.google.android.gms:play-services-basement:18.1.0] AndroidManifest.xml:21:9-23:69
190            android:name="com.google.android.gms.version"
190-->[com.google.android.gms:play-services-basement:18.1.0] AndroidManifest.xml:22:13-58
191            android:value="@integer/google_play_services_version" />
191-->[com.google.android.gms:play-services-basement:18.1.0] AndroidManifest.xml:23:13-66
192
193        <provider
193-->[androidx.work:work-runtime:2.7.1] AndroidManifest.xml:31:9-39:20
194            android:name="androidx.startup.InitializationProvider"
194-->[androidx.work:work-runtime:2.7.1] AndroidManifest.xml:32:13-67
195            android:authorities="com.psut.shager.androidx-startup"
195-->[androidx.work:work-runtime:2.7.1] AndroidManifest.xml:33:13-68
196            android:exported="false" >
196-->[androidx.work:work-runtime:2.7.1] AndroidManifest.xml:34:13-37
197            <meta-data
197-->[androidx.work:work-runtime:2.7.1] AndroidManifest.xml:36:13-38:52
198                android:name="androidx.work.WorkManagerInitializer"
198-->[androidx.work:work-runtime:2.7.1] AndroidManifest.xml:37:17-68
199                android:value="androidx.startup" />
199-->[androidx.work:work-runtime:2.7.1] AndroidManifest.xml:38:17-49
200        </provider>
201
202        <service
202-->[androidx.work:work-runtime:2.7.1] AndroidManifest.xml:41:9-46:35
203            android:name="androidx.work.impl.background.systemalarm.SystemAlarmService"
203-->[androidx.work:work-runtime:2.7.1] AndroidManifest.xml:42:13-88
204            android:directBootAware="false"
204-->[androidx.work:work-runtime:2.7.1] AndroidManifest.xml:43:13-44
205            android:enabled="@bool/enable_system_alarm_service_default"
205-->[androidx.work:work-runtime:2.7.1] AndroidManifest.xml:44:13-72
206            android:exported="false" />
206-->[androidx.work:work-runtime:2.7.1] AndroidManifest.xml:45:13-37
207        <service
207-->[androidx.work:work-runtime:2.7.1] AndroidManifest.xml:47:9-53:35
208            android:name="androidx.work.impl.background.systemjob.SystemJobService"
208-->[androidx.work:work-runtime:2.7.1] AndroidManifest.xml:48:13-84
209            android:directBootAware="false"
209-->[androidx.work:work-runtime:2.7.1] AndroidManifest.xml:49:13-44
210            android:enabled="@bool/enable_system_job_service_default"
210-->[androidx.work:work-runtime:2.7.1] AndroidManifest.xml:50:13-70
211            android:exported="true"
211-->[androidx.work:work-runtime:2.7.1] AndroidManifest.xml:51:13-36
212            android:permission="android.permission.BIND_JOB_SERVICE" />
212-->[androidx.work:work-runtime:2.7.1] AndroidManifest.xml:52:13-69
213        <service
213-->[androidx.work:work-runtime:2.7.1] AndroidManifest.xml:54:9-59:35
214            android:name="androidx.work.impl.foreground.SystemForegroundService"
214-->[androidx.work:work-runtime:2.7.1] AndroidManifest.xml:55:13-81
215            android:directBootAware="false"
215-->[androidx.work:work-runtime:2.7.1] AndroidManifest.xml:56:13-44
216            android:enabled="@bool/enable_system_foreground_service_default"
216-->[androidx.work:work-runtime:2.7.1] AndroidManifest.xml:57:13-77
217            android:exported="false" />
217-->[androidx.work:work-runtime:2.7.1] AndroidManifest.xml:58:13-37
218
219        <receiver
219-->[androidx.work:work-runtime:2.7.1] AndroidManifest.xml:61:9-66:35
220            android:name="androidx.work.impl.utils.ForceStopRunnable$BroadcastReceiver"
220-->[androidx.work:work-runtime:2.7.1] AndroidManifest.xml:62:13-88
221            android:directBootAware="false"
221-->[androidx.work:work-runtime:2.7.1] AndroidManifest.xml:63:13-44
222            android:enabled="true"
222-->[androidx.work:work-runtime:2.7.1] AndroidManifest.xml:64:13-35
223            android:exported="false" />
223-->[androidx.work:work-runtime:2.7.1] AndroidManifest.xml:65:13-37
224        <receiver
224-->[androidx.work:work-runtime:2.7.1] AndroidManifest.xml:67:9-77:20
225            android:name="androidx.work.impl.background.systemalarm.ConstraintProxy$BatteryChargingProxy"
225-->[androidx.work:work-runtime:2.7.1] AndroidManifest.xml:68:13-106
226            android:directBootAware="false"
226-->[androidx.work:work-runtime:2.7.1] AndroidManifest.xml:69:13-44
227            android:enabled="false"
227-->[androidx.work:work-runtime:2.7.1] AndroidManifest.xml:70:13-36
228            android:exported="false" >
228-->[androidx.work:work-runtime:2.7.1] AndroidManifest.xml:71:13-37
229            <intent-filter>
229-->[androidx.work:work-runtime:2.7.1] AndroidManifest.xml:73:13-76:29
230                <action android:name="android.intent.action.ACTION_POWER_CONNECTED" />
230-->[androidx.work:work-runtime:2.7.1] AndroidManifest.xml:74:17-87
230-->[androidx.work:work-runtime:2.7.1] AndroidManifest.xml:74:25-84
231                <action android:name="android.intent.action.ACTION_POWER_DISCONNECTED" />
231-->[androidx.work:work-runtime:2.7.1] AndroidManifest.xml:75:17-90
231-->[androidx.work:work-runtime:2.7.1] AndroidManifest.xml:75:25-87
232            </intent-filter>
233        </receiver>
234        <receiver
234-->[androidx.work:work-runtime:2.7.1] AndroidManifest.xml:78:9-88:20
235            android:name="androidx.work.impl.background.systemalarm.ConstraintProxy$BatteryNotLowProxy"
235-->[androidx.work:work-runtime:2.7.1] AndroidManifest.xml:79:13-104
236            android:directBootAware="false"
236-->[androidx.work:work-runtime:2.7.1] AndroidManifest.xml:80:13-44
237            android:enabled="false"
237-->[androidx.work:work-runtime:2.7.1] AndroidManifest.xml:81:13-36
238            android:exported="false" >
238-->[androidx.work:work-runtime:2.7.1] AndroidManifest.xml:82:13-37
239            <intent-filter>
239-->[androidx.work:work-runtime:2.7.1] AndroidManifest.xml:84:13-87:29
240                <action android:name="android.intent.action.BATTERY_OKAY" />
240-->[androidx.work:work-runtime:2.7.1] AndroidManifest.xml:85:17-77
240-->[androidx.work:work-runtime:2.7.1] AndroidManifest.xml:85:25-74
241                <action android:name="android.intent.action.BATTERY_LOW" />
241-->[androidx.work:work-runtime:2.7.1] AndroidManifest.xml:86:17-76
241-->[androidx.work:work-runtime:2.7.1] AndroidManifest.xml:86:25-73
242            </intent-filter>
243        </receiver>
244        <receiver
244-->[androidx.work:work-runtime:2.7.1] AndroidManifest.xml:89:9-99:20
245            android:name="androidx.work.impl.background.systemalarm.ConstraintProxy$StorageNotLowProxy"
245-->[androidx.work:work-runtime:2.7.1] AndroidManifest.xml:90:13-104
246            android:directBootAware="false"
246-->[androidx.work:work-runtime:2.7.1] AndroidManifest.xml:91:13-44
247            android:enabled="false"
247-->[androidx.work:work-runtime:2.7.1] AndroidManifest.xml:92:13-36
248            android:exported="false" >
248-->[androidx.work:work-runtime:2.7.1] AndroidManifest.xml:93:13-37
249            <intent-filter>
249-->[androidx.work:work-runtime:2.7.1] AndroidManifest.xml:95:13-98:29
250                <action android:name="android.intent.action.DEVICE_STORAGE_LOW" />
250-->[androidx.work:work-runtime:2.7.1] AndroidManifest.xml:96:17-83
250-->[androidx.work:work-runtime:2.7.1] AndroidManifest.xml:96:25-80
251                <action android:name="android.intent.action.DEVICE_STORAGE_OK" />
251-->[androidx.work:work-runtime:2.7.1] AndroidManifest.xml:97:17-82
251-->[androidx.work:work-runtime:2.7.1] AndroidManifest.xml:97:25-79
252            </intent-filter>
253        </receiver>
254        <receiver
254-->[androidx.work:work-runtime:2.7.1] AndroidManifest.xml:100:9-109:20
255            android:name="androidx.work.impl.background.systemalarm.ConstraintProxy$NetworkStateProxy"
255-->[androidx.work:work-runtime:2.7.1] AndroidManifest.xml:101:13-103
256            android:directBootAware="false"
256-->[androidx.work:work-runtime:2.7.1] AndroidManifest.xml:102:13-44
257            android:enabled="false"
257-->[androidx.work:work-runtime:2.7.1] AndroidManifest.xml:103:13-36
258            android:exported="false" >
258-->[androidx.work:work-runtime:2.7.1] AndroidManifest.xml:104:13-37
259            <intent-filter>
259-->[androidx.work:work-runtime:2.7.1] AndroidManifest.xml:106:13-108:29
260                <action android:name="android.net.conn.CONNECTIVITY_CHANGE" />
260-->[androidx.work:work-runtime:2.7.1] AndroidManifest.xml:107:17-79
260-->[androidx.work:work-runtime:2.7.1] AndroidManifest.xml:107:25-76
261            </intent-filter>
262        </receiver>
263        <receiver
263-->[androidx.work:work-runtime:2.7.1] AndroidManifest.xml:110:9-121:20
264            android:name="androidx.work.impl.background.systemalarm.RescheduleReceiver"
264-->[androidx.work:work-runtime:2.7.1] AndroidManifest.xml:111:13-88
265            android:directBootAware="false"
265-->[androidx.work:work-runtime:2.7.1] AndroidManifest.xml:112:13-44
266            android:enabled="false"
266-->[androidx.work:work-runtime:2.7.1] AndroidManifest.xml:113:13-36
267            android:exported="false" >
267-->[androidx.work:work-runtime:2.7.1] AndroidManifest.xml:114:13-37
268            <intent-filter>
268-->[androidx.work:work-runtime:2.7.1] AndroidManifest.xml:116:13-120:29
269                <action android:name="android.intent.action.BOOT_COMPLETED" />
269-->[androidx.work:work-runtime:2.7.1] AndroidManifest.xml:117:17-79
269-->[androidx.work:work-runtime:2.7.1] AndroidManifest.xml:117:25-76
270                <action android:name="android.intent.action.TIME_SET" />
270-->[androidx.work:work-runtime:2.7.1] AndroidManifest.xml:118:17-73
270-->[androidx.work:work-runtime:2.7.1] AndroidManifest.xml:118:25-70
271                <action android:name="android.intent.action.TIMEZONE_CHANGED" />
271-->[androidx.work:work-runtime:2.7.1] AndroidManifest.xml:119:17-81
271-->[androidx.work:work-runtime:2.7.1] AndroidManifest.xml:119:25-78
272            </intent-filter>
273        </receiver>
274        <receiver
274-->[androidx.work:work-runtime:2.7.1] AndroidManifest.xml:122:9-131:20
275            android:name="androidx.work.impl.background.systemalarm.ConstraintProxyUpdateReceiver"
275-->[androidx.work:work-runtime:2.7.1] AndroidManifest.xml:123:13-99
276            android:directBootAware="false"
276-->[androidx.work:work-runtime:2.7.1] AndroidManifest.xml:124:13-44
277            android:enabled="@bool/enable_system_alarm_service_default"
277-->[androidx.work:work-runtime:2.7.1] AndroidManifest.xml:125:13-72
278            android:exported="false" >
278-->[androidx.work:work-runtime:2.7.1] AndroidManifest.xml:126:13-37
279            <intent-filter>
279-->[androidx.work:work-runtime:2.7.1] AndroidManifest.xml:128:13-130:29
280                <action android:name="androidx.work.impl.background.systemalarm.UpdateProxies" />
280-->[androidx.work:work-runtime:2.7.1] AndroidManifest.xml:129:17-98
280-->[androidx.work:work-runtime:2.7.1] AndroidManifest.xml:129:25-95
281            </intent-filter>
282        </receiver>
283        <receiver
283-->[androidx.work:work-runtime:2.7.1] AndroidManifest.xml:132:9-142:20
284            android:name="androidx.work.impl.diagnostics.DiagnosticsReceiver"
284-->[androidx.work:work-runtime:2.7.1] AndroidManifest.xml:133:13-78
285            android:directBootAware="false"
285-->[androidx.work:work-runtime:2.7.1] AndroidManifest.xml:134:13-44
286            android:enabled="true"
286-->[androidx.work:work-runtime:2.7.1] AndroidManifest.xml:135:13-35
287            android:exported="true"
287-->[androidx.work:work-runtime:2.7.1] AndroidManifest.xml:136:13-36
288            android:permission="android.permission.DUMP" >
288-->[androidx.work:work-runtime:2.7.1] AndroidManifest.xml:137:13-57
289            <intent-filter>
289-->[androidx.work:work-runtime:2.7.1] AndroidManifest.xml:139:13-141:29